app/build/outputs/logs/manifest-merger-debug-report.txt
-- Merging decision tree log ---
manifest
ADDED from src/main/AndroidManifest.xml:2:1-70:12
	package
		ADDED from src/main/AndroidManifest.xml:5:5-28
		INJECTED from src/main/AndroidManifest.xml
		INJECTED from src/main/AndroidManifest.xml
	android:versionName
		INJECTED from src/main/AndroidManifest.xml
		INJECTED from src/main/AndroidManifest.xml
	xmlns:tools
		ADDED from src/main/AndroidManifest.xml:4:5-51
	xmlns:android
		ADDED from src/main/AndroidManifest.xml:3:5-63
	android:versionCode
		INJECTED from src/main/AndroidManifest.xml
		INJECTED from src/main/AndroidManifest.xml
	android:installLocation
		ADDED from src/main/AndroidManifest.xml:6:5-35
uses-permission#android.permission.INTERNET
ADDED from src/main/AndroidManifest.xml:8:5-67
	android:name
		ADDED from src/main/AndroidManifest.xml:8:22-64
uses-permission#android.permission.WRITE_EXTERNAL_STORAGE
ADDED from src/main/AndroidManifest.xml:9:5-81
	android:name
		ADDED from src/main/AndroidManifest.xml:9:22-78
uses-permission#android.permission.READ_LOGS
ADDED from src/main/AndroidManifest.xml:10:5-68
	android:name
		ADDED from src/main/AndroidManifest.xml:10:22-65
uses-permission#android.permission.RESTART_PACKAGES
ADDED from src/main/AndroidManifest.xml:11:5-75
	android:name
		ADDED from src/main/AndroidManifest.xml:11:22-72
uses-permission#android.permission.KILL_BACKGROUND_PROCESSES
ADDED from src/main/AndroidManifest.xml:12:5-84
	android:name
		ADDED from src/main/AndroidManifest.xml:12:22-81
uses-permission#android.permission.RECEIVE_BOOT_COMPLETED
ADDED from src/main/AndroidManifest.xml:13:5-81
	android:name
		ADDED from src/main/AndroidManifest.xml:13:22-78
uses-permission#android.permission.ACCESS_SUPERUSER
ADDED from src/main/AndroidManifest.xml:14:5-75
	android:name
		ADDED from src/main/AndroidManifest.xml:14:22-72
supports-screens
ADDED from src/main/AndroidManifest.xml:16:5-22:40
	android:largeScreens
		ADDED from src/main/AndroidManifest.xml:18:9-36
	android:smallScreens
		ADDED from src/main/AndroidManifest.xml:21:9-36
	android:normalScreens
		ADDED from src/main/AndroidManifest.xml:19:9-37
	android:xlargeScreens
		ADDED from src/main/AndroidManifest.xml:22:9-37
	android:resizeable
		ADDED from src/main/AndroidManifest.xml:20:9-34
	android:anyDensity
		ADDED from src/main/AndroidManifest.xml:17:9-34
application
ADDED from src/main/AndroidManifest.xml:24:5-69:19
MERGED from [stlogger:volley:unspecified] AndroidManifest.xml:9:5-20
MERGED from [stlogger:colorpicker:unspecified] AndroidManifest.xml:9:5-20
MERGED from [com.android.support:appcompat-v7:23.1.0] AndroidManifest.xml:22:5-20
MERGED from [com.android.support:support-v4:23.1.0] AndroidManifest.xml:22:5-20
	android:label
		ADDED from src/main/AndroidManifest.xml:31:9-43
	android:allowClearUserData
		ADDED from src/main/AndroidManifest.xml:27:9-42
	android:allowBackup
		ADDED from src/main/AndroidManifest.xml:26:9-35
	android:icon
		ADDED from src/main/AndroidManifest.xml:28:9-43
	android:largeHeap
		ADDED from src/main/AndroidManifest.xml:29:9-33
	android:theme
		ADDED from src/main/AndroidManifest.xml:30:9-47
	tools:replace
		ADDED from src/main/AndroidManifest.xml:25:9-30
activity#com.st.logger.STMonitor
ADDED from src/main/AndroidManifest.xml:33:9-41:20
	android:launchMode
		ADDED from src/main/AndroidManifest.xml:36:13-48
	android:configChanges
		ADDED from src/main/AndroidManifest.xml:35:13-48
	android:name
		ADDED from src/main/AndroidManifest.xml:34:13-38
intent-filter#android.intent.action.MAIN+android.intent.category.LAUNCHER
ADDED from src/main/AndroidManifest.xml:37:13-40:29
action#android.intent.action.MAIN
ADDED from src/main/AndroidManifest.xml:38:17-69
	android:name
		ADDED from src/main/AndroidManifest.xml:38:25-66
category#android.intent.category.LAUNCHER
ADDED from src/main/AndroidManifest.xml:39:17-77
	android:name
		ADDED from src/main/AndroidManifest.xml:39:27-74
service#com.st.logger.STMonitorService
ADDED from src/main/AndroidManifest.xml:43:9-46:46
	android:process
		ADDED from src/main/AndroidManifest.xml:46:13-44
	android:exported
		ADDED from src/main/AndroidManifest.xml:45:13-37
	android:name
		ADDED from src/main/AndroidManifest.xml:44:13-45
service#com.st.logger.util.SoakService
ADDED from src/main/AndroidManifest.xml:48:9-52
	android:name
		ADDED from src/main/AndroidManifest.xml:48:18-50
provider#com.st.logger.provider.PreferenceContentProvider
ADDED from src/main/AndroidManifest.xml:50:9-53:39
	android:authorities
		ADDED from src/main/AndroidManifest.xml:52:13-57
	android:exported
		ADDED from src/main/AndroidManifest.xml:53:13-37
	android:name
		ADDED from src/main/AndroidManifest.xml:51:13-76
receiver#com.st.logger.BootUpReceiver
ADDED from src/main/AndroidManifest.xml:55:9-64:20
	android:enabled
		ADDED from src/main/AndroidManifest.xml:57:13-35
	android:exported
		ADDED from src/main/AndroidManifest.xml:58:13-37
	android:permission
		ADDED from src/main/AndroidManifest.xml:59:13-75
	android:name
		ADDED from src/main/AndroidManifest.xml:56:13-56
intent-filter#android.intent.action.BOOT_COMPLETED+android.intent.category.DEFAULT
ADDED from src/main/AndroidManifest.xml:60:13-63:29
action#android.intent.action.BOOT_COMPLETED
ADDED from src/main/AndroidManifest.xml:61:17-79
	android:name
		ADDED from src/main/AndroidManifest.xml:61:25-76
category#android.intent.category.DEFAULT
ADDED from src/main/AndroidManifest.xml:62:17-76
	android:name
		ADDED from src/main/AndroidManifest.xml:62:27-73
activity#com.st.logger.preference.STPreference
ADDED from src/main/AndroidManifest.xml:66:9-67:46
	android:exported
		ADDED from src/main/AndroidManifest.xml:67:19-43
	android:name
		ADDED from src/main/AndroidManifest.xml:66:19-58
uses-sdk
INJECTED from src/main/AndroidManifest.xml reason: use-sdk injection requested
MERGED from [stlogger:volley:unspecified] AndroidManifest.xml:7:5-43
MERGED from [stlogger:colorpicker:unspecified] AndroidManifest.xml:7:5-43
MERGED from [com.android.support:appcompat-v7:23.1.0] AndroidManifest.xml:20:5-43
MERGED from [com.android.support:support-v4:23.1.0] AndroidManifest.xml:20:5-43
	android:targetSdkVersion
		INJECTED from src/main/AndroidManifest.xml
		INJECTED from src/main/AndroidManifest.xml
	android:minSdkVersion
		INJECTED from src/main/AndroidManifest.xml
		INJECTED from src/main/AndroidManifest.xml